<?xml version="1.0" encoding="UTF-8"?>
<!-- Generated by org.testng.reporters.JUnitReportReporter -->
<testsuite skipped="0" hostname="Jondi" name="testCase.TestsApi" tests="6" failures="0" timestamp="2021-12-01T17:12:31 IST" time="3.052" errors="0">
  <testcase name="test00_clearUsers" time="2.631" classname="testCase.TestsApi"/>
  <testcase name="test01_getApiKey" time="0.032" classname="testCase.TestsApi"/>
  <testcase name="test02_addUser" time="0.093" classname="testCase.TestsApi"/>
  <testcase name="test11_clearUsers" time="0.185" classname="testCase.TestsApi"/>
  <testcase name="test03_addUsersViaCsv" time="0.051" classname="testCase.TestsApi"/>
  <testcase name="test03_addUsersViaCsv" time="0.060" classname="testCase.TestsApi"/>
</testsuite> <!-- testCase.TestsApi -->
