<?xml version="1.0" encoding="UTF-8"?>
<!-- Generated by org.testng.reporters.JUnitReportReporter -->
<testsuite skipped="0" hostname="Jondi" name="testCase.TestsApi" tests="5" failures="0" timestamp="2021-12-01T15:42:10 IST" time="2.981" errors="0">
  <testcase name="test03_addUsersViaCsv" time="0.070" classname="testCase.TestsApi"/>
  <testcase name="test03_addUsersViaCsv" time="0.064" classname="testCase.TestsApi"/>
  <testcase name="test02_addUser" time="0.096" classname="testCase.TestsApi"/>
  <testcase name="test01_getApiKey" time="0.033" classname="testCase.TestsApi"/>
  <testcase name="test00_clearUsers" time="2.718" classname="testCase.TestsApi"/>
</testsuite> <!-- testCase.TestsApi -->
