<?xml version="1.0" encoding="UTF-8"?>
<!-- Generated by org.testng.reporters.JUnitReportReporter -->
<testsuite skipped="0" hostname="Jondi" name="testCase.DeskTopTest" tests="1" failures="0" timestamp="2021-12-01T15:48:24 IST" time="3.145" errors="0">
  <testcase name="testDeskTop" time="3.145" classname="testCase.DeskTopTest"/>
</testsuite> <!-- testCase.DeskTopTest -->
