<?xml version="1.0" encoding="UTF-8"?>
<!-- Generated by org.testng.reporters.JUnitReportReporter -->
<testsuite skipped="0" hostname="Jondi" name="testCase.WebTest" tests="8" failures="0" timestamp="2021-12-01T21:08:41 IST" time="32.948" errors="0">
  <testcase name="loginTest" time="1.384" classname="testCase.WebTest"/>
  <testcase name="CreateUserTest" time="11.065" classname="testCase.WebTest"/>
  <testcase name="EditUserTest" time="1.027" classname="testCase.WebTest"/>
  <testcase name="DeleteUserTest" time="0.511" classname="testCase.WebTest"/>
  <testcase name="SoftAssertTest" time="0.597" classname="testCase.WebTest"/>
  <testcase name="DataSourceTest" time="0.740" classname="testCase.WebTest"/>
  <testcase name="SeveniconTest" time="0.033" classname="testCase.WebTest"/>
  <testcase name="SikuliTest" time="17.591" classname="testCase.WebTest"/>
</testsuite> <!-- testCase.WebTest -->
