<?xml version="1.0" encoding="UTF-8"?>
<!-- Generated by org.testng.reporters.JUnitReportReporter -->
<testsuite skipped="0" hostname="Jondi" name="testCase.TestsApi" tests="6" failures="0" timestamp="2021-12-01T20:47:40 IST" time="2.629" errors="0">
  <testcase name="test01_getApiKey" time="0.028" classname="testCase.TestsApi"/>
  <testcase name="test03_addUsersViaCsv" time="0.040" classname="testCase.TestsApi"/>
  <testcase name="test00_clearUsers" time="2.296" classname="testCase.TestsApi"/>
  <testcase name="test02_addUser" time="0.072" classname="testCase.TestsApi"/>
  <testcase name="test03_addUsersViaCsv" time="0.047" classname="testCase.TestsApi"/>
  <testcase name="test11_clearUsers" time="0.146" classname="testCase.TestsApi"/>
</testsuite> <!-- testCase.TestsApi -->
