<?xml version="1.0" encoding="UTF-8"?>
<!-- Generated by org.testng.reporters.JUnitReportReporter -->
<testsuite skipped="0" hostname="Jondi" name="testCase.AppiumTests" tests="2" failures="0" timestamp="2021-12-01T10:06:40 IST" time="13.503" errors="0">
  <testcase name="checkSave" time="11.461" classname="testCase.AppiumTests"/>
  <testcase name="checkDelete" time="2.042" classname="testCase.AppiumTests"/>
</testsuite> <!-- testCase.AppiumTests -->
