<?xml version="1.0" encoding="UTF-8"?>
<!-- Generated by org.testng.reporters.JUnitReportReporter -->
<testsuite skipped="0" hostname="Jondi" name="testCase.AppiumTests" tests="2" failures="0" timestamp="2021-12-01T20:52:20 IST" time="10.879" errors="0">
  <testcase name="checkSave" time="8.347" classname="testCase.AppiumTests"/>
  <testcase name="checkDelete" time="2.532" classname="testCase.AppiumTests"/>
</testsuite> <!-- testCase.AppiumTests -->
