<?xml version="1.0" encoding="UTF-8"?>
<!-- Generated by org.testng.reporters.JUnitReportReporter -->
<testsuite skipped="0" hostname="Jondi" name="testCase.ElectronTests" tests="3" failures="0" timestamp="2021-12-01T15:39:47 IST" time="0.971" errors="0">
  <testcase name="checkAddElectron" time="0.630" classname="testCase.ElectronTests"/>
  <testcase name="checkDeleteElectron" time="0.087" classname="testCase.ElectronTests"/>
  <testcase name="CheckEditElectron" time="0.254" classname="testCase.ElectronTests"/>
</testsuite> <!-- testCase.ElectronTests -->
