<?xml version="1.0" encoding="UTF-8"?>
<!-- Generated by org.testng.reporters.JUnitReportReporter -->
<testsuite skipped="0" hostname="Jondi" name="testCase.ElectronTests" tests="3" failures="0" timestamp="2021-12-01T20:49:13 IST" time="1.292" errors="0">
  <testcase name="checkAddElectron" time="0.647" classname="testCase.ElectronTests"/>
  <testcase name="checkDeleteElectron" time="0.337" classname="testCase.ElectronTests"/>
  <testcase name="CheckEditElectron" time="0.308" classname="testCase.ElectronTests"/>
</testsuite> <!-- testCase.ElectronTests -->
